<component name="ArtifactManager">
  <artifact type="exploded-war" name="junitwebapp:war exploded">
    <output-path>$PROJECT_DIR$/target/junitwebapp</output-path>
    <properties id="maven-jee-properties">
      <options>
        <exploded>true</exploded>
        <module>junitwebapp</module>
        <packaging>war</packaging>
      </options>
    </properties>
    <root id="root">
      <element id="directory" name="WEB-INF">
        <element id="directory" name="classes">
          <element id="module-output" name="junitwebapp" />
        </element>
        <element id="directory" name="lib">
          <element id="library" level="project" name="Maven: junit:junit:4.8.2" />
          <element id="library" level="project" name="Maven: javax.servlet:servlet-api:2.5" />
          <element id="library" level="project" name="Maven: net.sourceforge.jwebunit:jwebunit-core:3.3" />
          <element id="library" level="project" name="Maven: regexp:regexp:1.3" />
          <element id="library" level="project" name="Maven: commons-lang:commons-lang:2.6" />
        </element>
      </element>
      <element id="directory" name="META-INF">
        <element id="file-copy" path="$PROJECT_DIR$/target/junitwebapp/META-INF/MANIFEST.MF" />
      </element>
      <element id="javaee-facet-resources" facet="junitwebapp/web/Web" />
    </root>
  </artifact>
</component>